[debug] [2023-08-21T11:59:18.000Z] ----------------------------------------------------------------------
[debug] [2023-08-21T11:59:18.002Z] Command:       C:\Program Files\nodejs\node.exe C:\Users\lenovo\AppData\Roaming\npm\node_modules\firebase-tools\lib\bin\firebase.js deploy
[debug] [2023-08-21T11:59:18.002Z] CLI Version:   12.4.8
[debug] [2023-08-21T11:59:18.003Z] Platform:      win32
[debug] [2023-08-21T11:59:18.003Z] Node Version:  v18.12.1
[debug] [2023-08-21T11:59:18.004Z] Time:          Mon Aug 21 2023 17:59:18 GMT+0600 (Bangladesh Standard Time)
[debug] [2023-08-21T11:59:18.004Z] ----------------------------------------------------------------------
[debug] 
[debug] [2023-08-21T11:59:23.071Z] Error: Timed out.
    at Timeout._onTimeout (C:\Users\lenovo\AppData\Roaming\npm\node_modules\firebase-tools\lib\utils.js:254:49)
    at listOnTimeout (node:internal/timers:564:17)
    at process.processTimers (node:internal/timers:507:7)
[error] 
[error] Error: An unexpected error has occurred.
[debug] [2023-08-21T11:59:55.138Z] ----------------------------------------------------------------------
[debug] [2023-08-21T11:59:55.141Z] Command:       C:\Program Files\nodejs\node.exe C:\Users\lenovo\AppData\Roaming\npm\node_modules\firebase-tools\lib\bin\firebase.js login
[debug] [2023-08-21T11:59:55.142Z] CLI Version:   12.4.8
[debug] [2023-08-21T11:59:55.142Z] Platform:      win32
[debug] [2023-08-21T11:59:55.143Z] Node Version:  v18.12.1
[debug] [2023-08-21T11:59:55.144Z] Time:          Mon Aug 21 2023 17:59:55 GMT+0600 (Bangladesh Standard Time)
[debug] [2023-08-21T11:59:55.144Z] ----------------------------------------------------------------------
[debug] 
[info] Already logged in as tarikul.ewu@gmail.com
[debug] [2023-08-21T12:00:05.226Z] Error: Timed out.
    at Timeout._onTimeout (C:\Users\lenovo\AppData\Roaming\npm\node_modules\firebase-tools\lib\utils.js:254:49)
    at listOnTimeout (node:internal/timers:564:17)
    at process.processTimers (node:internal/timers:507:7)
[error] 
[error] Error: An unexpected error has occurred.
[debug] [2023-08-21T12:00:20.517Z] ----------------------------------------------------------------------
[debug] [2023-08-21T12:00:20.520Z] Command:       C:\Program Files\nodejs\node.exe C:\Users\lenovo\AppData\Roaming\npm\node_modules\firebase-tools\lib\bin\firebase.js init
[debug] [2023-08-21T12:00:20.521Z] CLI Version:   12.4.8
[debug] [2023-08-21T12:00:20.521Z] Platform:      win32
[debug] [2023-08-21T12:00:20.521Z] Node Version:  v18.12.1
[debug] [2023-08-21T12:00:20.523Z] Time:          Mon Aug 21 2023 18:00:20 GMT+0600 (Bangladesh Standard Time)
[debug] [2023-08-21T12:00:20.523Z] ----------------------------------------------------------------------
[debug] 
[debug] [2023-08-21T12:00:20.534Z] > command requires scopes: ["email","openid","https://www.googleapis.com/auth/cloudplatformprojects.readonly","https://www.googleapis.com/auth/firebase","https://www.googleapis.com/auth/cloud-platform"]
[debug] [2023-08-21T12:00:20.535Z] > authorizing via signed-in user (tarikul.ewu@gmail.com)
[info] 
     ######## #### ########  ######## ########     ###     ######  ########
     ##        ##  ##     ## ##       ##     ##  ##   ##  ##       ##
     ######    ##  ########  ######   ########  #########  ######  ######
     ##        ##  ##    ##  ##       ##     ## ##     ##       ## ##
     ##       #### ##     ## ######## ########  ##     ##  ######  ########

You're about to initialize a Firebase project in this directory:

  C:\Users\lenovo\OneDrive\Desktop\About me\web

[debug] [2023-08-21T12:00:35.764Z] Error: Timed out.
    at Timeout._onTimeout (C:\Users\lenovo\AppData\Roaming\npm\node_modules\firebase-tools\lib\utils.js:254:49)
    at listOnTimeout (node:internal/timers:564:17)
    at process.processTimers (node:internal/timers:507:7)
[error] 
[error] Error: An unexpected error has occurred.
